<?xml version="1.0" encoding="UTF-8"?>
<!-- Generated by org.testng.reporters.JUnitReportReporter -->
<testsuite hostname="DESKTOP-9D0AB1T" failures="0" tests="10" name="com.studentenrollmrnt.scripts.TestClassEmployesearchname" time="103.796" errors="0" timestamp="2022-03-18T14:35:08 IST" skipped="0">
  <testcase classname="com.studentenrollmrnt.scripts.TestClassEmployesearchname" name="verifyValidLogin" time="1.478"/>
  <system-out/>
  <testcase classname="com.studentenrollmrnt.scripts.TestClassEmployesearchname" name="SearchPage" time="11.897"/>
  <system-out/>
  <testcase classname="com.studentenrollmrnt.scripts.TestClassEmployesearchname" name="SearchnamePage" time="11.382"/>
  <system-out/>
  <testcase classname="com.studentenrollmrnt.scripts.TestClassEmployesearchname" name="SearchpassoutyearPage" time="11.166"/>
  <system-out/>
  <testcase classname="com.studentenrollmrnt.scripts.TestClassEmployesearchname" name="SearchcousePage" time="11.906"/>
  <system-out/>
  <testcase classname="com.studentenrollmrnt.scripts.TestClassEmployesearchname" name="SearchdistictPage" time="11.189"/>
  <system-out/>
  <testcase classname="com.studentenrollmrnt.scripts.TestClassEmployesearchname" name="SearchstatePage" time="11.316"/>
  <system-out/>
  <testcase classname="com.studentenrollmrnt.scripts.TestClassEmployesearchname" name="SearchmarkPage" time="11.326"/>
  <system-out/>
  <testcase classname="com.studentenrollmrnt.scripts.TestClassEmployesearchname" name="SearchstatusPage" time="11.134"/>
  <system-out/>
  <testcase classname="com.studentenrollmrnt.scripts.TestClassEmployesearchname" name="SearchinvalidPage" time="11.002"/>
  <system-out/>
</testsuite> <!-- com.studentenrollmrnt.scripts.TestClassEmployesearchname -->
