<?xml version="1.0" encoding="UTF-8"?>
<!-- Generated by org.testng.reporters.JUnitReportReporter -->
<testsuite hostname="DESKTOP-9D0AB1T" failures="0" tests="1" name="com.studentenrollmrnt.scripts.TestClassEmployeloginIEVP" time="2.247" errors="0" timestamp="2022-03-18T14:35:08 IST" skipped="0">
  <testcase classname="com.studentenrollmrnt.scripts.TestClassEmployeloginIEVP" name="verifyValidLogin" time="2.247"/>
  <system-out/>
</testsuite> <!-- com.studentenrollmrnt.scripts.TestClassEmployeloginIEVP -->
